#
# There is insufficient memory for the Java Runtime Environment to continue.
# Native memory allocation (mmap) failed to map 67108864 bytes. Error detail: G1 virtual space
# Possible reasons:
#   The system is out of physical RAM or swap space
#   This process is running with CompressedOops enabled, and the Java Heap may be blocking the growth of the native heap
# Possible solutions:
#   Reduce memory load on the system
#   Increase physical memory or swap space
#   Check if swap backing store is full
#   Decrease Java heap size (-Xmx/-Xms)
#   Decrease number of Java threads
#   Decrease Java thread stack sizes (-Xss)
#   Set larger code cache with -XX:ReservedCodeCacheSize=
#   JVM is running with Unscaled Compressed Oops mode in which the Java heap is
#     placed in the first 4GB address space. The Java Heap base address is the
#     maximum limit for the native heap growth. Please use -XX:HeapBaseMinAddress
#     to set the Java Heap base and to place the Java Heap above 4GB virtual address.
# This output file may be truncated or incomplete.
#
#  Out of Memory Error (os_windows.cpp:3710), pid=14364, tid=5544
#
# JRE version:  (17.0.14+7) (build )
# Java VM: OpenJDK 64-Bit Server VM (17.0.14+7-LTS, mixed mode, sharing, tiered, compressed oops, compressed class ptrs, g1 gc, windows-amd64)
# No core dump will be written. Minidumps are not enabled by default on client versions of Windows
#

---------------  S U M M A R Y ------------

Command Line: -Xmx64m -Xms64m -Dorg.gradle.appname=gradlew org.gradle.wrapper.GradleWrapperMain app:installDebug -PreactNativeDevServerPort=8081

Host: Intel(R) Core(TM) i3-10100F CPU @ 3.60GHz, 8 cores, 7G,  Windows 11 , 64 bit Build 22621 (10.0.22621.4974)
Time: Tue Apr 22 19:08:57 2025 Pakistan Standard Time elapsed time: 0.016454 seconds (0d 0h 0m 0s)

---------------  T H R E A D  ---------------

Current thread (0x0000021c5ec0ded0):  JavaThread "Unknown thread" [_thread_in_vm, id=5544, stack(0x000000fcd6200000,0x000000fcd6300000)]

Stack: [0x000000fcd6200000,0x000000fcd6300000]
Native frames: (J=compiled Java code, j=interpreted, Vv=VM code, C=native code)
V  [jvm.dll+0x6886b9]
V  [jvm.dll+0x83f6f8]
V  [jvm.dll+0x8411a3]
V  [jvm.dll+0x841813]
V  [jvm.dll+0x2495cf]
V  [jvm.dll+0x6855f9]
V  [jvm.dll+0x679a8a]
V  [jvm.dll+0x30afc7]
V  [jvm.dll+0x312536]
V  [jvm.dll+0x362eee]
V  [jvm.dll+0x36312d]
V  [jvm.dll+0x2e225c]
V  [jvm.dll+0x2e3174]
V  [jvm.dll+0x8115fb]
V  [jvm.dll+0x370c01]
V  [jvm.dll+0x7f00ef]
V  [jvm.dll+0x3f76ff]
V  [jvm.dll+0x3f9231]
C  [jli.dll+0x52a0]
C  [ucrtbase.dll+0x29333]
C  [KERNEL32.DLL+0x1259d]
C  [ntdll.dll+0x5af38]


---------------  P R O C E S S  ---------------

Threads class SMR info:
_java_thread_list=0x00007ffc495cefd8, length=0, elements={
}

Java Threads: ( => current thread )

Other Threads:
  0x0000021c5ec2dfa0 GCTaskThread "GC Thread#0" [stack: 0x000000fcd6300000,0x000000fcd6400000] [id=13760]
  0x0000021c5ec30700 ConcurrentGCThread "G1 Main Marker" [stack: 0x000000fcd6400000,0x000000fcd6500000] [id=14468]
  0x0000021c5ec31130 ConcurrentGCThread "G1 Conc#0" [stack: 0x000000fcd6500000,0x000000fcd6600000] [id=15432]

[error occurred during error reporting (printing all threads), id 0xc0000005, EXCEPTION_ACCESS_VIOLATION (0xc0000005) at pc=0x00007ffc48d82db7]

VM state: not at safepoint (not fully initialized)

VM Mutex/Monitor currently owned by a thread:  ([mutex/lock_event])
[0x0000021c5ec08570] Heap_lock - owner thread: 0x0000021c5ec0ded0

Heap address: 0x00000000fc000000, size: 64 MB, Compressed Oops mode: 32-bit

CDS archive(s) mapped at: [0x0000000000000000-0x0000000000000000-0x0000000000000000), size 0, SharedBaseAddress: 0x0000000800000000, ArchiveRelocationMode: 1.
Narrow klass base: 0x0000000000000000, Narrow klass shift: 0, Narrow klass range: 0x0

GC Precious Log:
<Empty>

Heap:
 garbage-first heap   total 0K, used 0K [0x00000000fc000000, 0x0000000100000000)
  region size 1024K, 0 young (0K), 0 survivors (0K)

[error occurred during error reporting (printing heap information), id 0xc0000005, EXCEPTION_ACCESS_VIOLATION (0xc0000005) at pc=0x00007ffc491722e9]

GC Heap History (0 events):
No events

Dll operation events (1 events):
Event: 0.007 Loaded shared library C:\Program Files\Microsoft\jdk-17.0.14.7-hotspot\bin\java.dll

Deoptimization events (0 events):
No events

Classes loaded (0 events):
No events

Classes unloaded (0 events):
No events

Classes redefined (0 events):
No events

Internal exceptions (0 events):
No events

VM Operations (0 events):
No events

Memory protections (0 events):
No events

Nmethod flushes (0 events):
No events

Events (0 events):
No events


Dynamic libraries:
0x00007ff685480000 - 0x00007ff68548e000 	C:\Program Files\Microsoft\jdk-17.0.14.7-hotspot\bin\java.exe
0x00007ffccc9b0000 - 0x00007ffcccbc7000 	C:\WINDOWS\SYSTEM32\ntdll.dll
0x00007ffccb420000 - 0x00007ffccb4e4000 	C:\WINDOWS\System32\KERNEL32.DLL
0x00007ffcc9d90000 - 0x00007ffcca161000 	C:\WINDOWS\System32\KERNELBASE.dll
0x00007ffcca560000 - 0x00007ffcca671000 	C:\WINDOWS\System32\ucrtbase.dll
0x00007ffca9e90000 - 0x00007ffca9ead000 	C:\Program Files\Microsoft\jdk-17.0.14.7-hotspot\bin\VCRUNTIME140.dll
0x00007ffca0cf0000 - 0x00007ffca0d07000 	C:\Program Files\Microsoft\jdk-17.0.14.7-hotspot\bin\jli.dll
0x00007ffccaa30000 - 0x00007ffccabe1000 	C:\WINDOWS\System32\USER32.dll
0x00007ffcc9af0000 - 0x00007ffcc9b16000 	C:\WINDOWS\System32\win32u.dll
0x00007ffccbf10000 - 0x00007ffccbf39000 	C:\WINDOWS\System32\GDI32.dll
0x00007ffcbb970000 - 0x00007ffcbbc02000 	C:\WINDOWS\WinSxS\amd64_microsoft.windows.common-controls_6595b64144ccf1df_6.0.22621.4830_none_270fe7d773858e80\COMCTL32.dll
0x00007ffcca2d0000 - 0x00007ffcca3eb000 	C:\WINDOWS\System32\gdi32full.dll
0x00007ffccaee0000 - 0x00007ffccaf87000 	C:\WINDOWS\System32\msvcrt.dll
0x00007ffcca170000 - 0x00007ffcca20a000 	C:\WINDOWS\System32\msvcp_win.dll
0x00007ffccbda0000 - 0x00007ffccbdd1000 	C:\WINDOWS\System32\IMM32.DLL
0x00007ffcad7e0000 - 0x00007ffcad7ec000 	C:\Program Files\Microsoft\jdk-17.0.14.7-hotspot\bin\vcruntime140_1.dll
0x00007ffc91980000 - 0x00007ffc91a0d000 	C:\Program Files\Microsoft\jdk-17.0.14.7-hotspot\bin\msvcp140.dll
0x00007ffc48a90000 - 0x00007ffc49702000 	C:\Program Files\Microsoft\jdk-17.0.14.7-hotspot\bin\server\jvm.dll
0x00007ffccaf90000 - 0x00007ffccb041000 	C:\WINDOWS\System32\ADVAPI32.dll
0x00007ffcca980000 - 0x00007ffccaa27000 	C:\WINDOWS\System32\sechost.dll
0x00007ffcca530000 - 0x00007ffcca558000 	C:\WINDOWS\System32\bcrypt.dll
0x00007ffccb300000 - 0x00007ffccb414000 	C:\WINDOWS\System32\RPCRT4.dll
0x00007ffccb280000 - 0x00007ffccb2f1000 	C:\WINDOWS\System32\WS2_32.dll
0x00007ffcc9370000 - 0x00007ffcc93bd000 	C:\WINDOWS\SYSTEM32\POWRPROF.dll
0x00007ffcc2820000 - 0x00007ffcc2854000 	C:\WINDOWS\SYSTEM32\WINMM.dll
0x00007ffcc2880000 - 0x00007ffcc288a000 	C:\WINDOWS\SYSTEM32\VERSION.dll
0x00007ffcc9350000 - 0x00007ffcc9363000 	C:\WINDOWS\SYSTEM32\UMPDC.dll
0x00007ffcc8b40000 - 0x00007ffcc8b58000 	C:\WINDOWS\SYSTEM32\kernel.appcore.dll
0x00007ffcad660000 - 0x00007ffcad66a000 	C:\Program Files\Microsoft\jdk-17.0.14.7-hotspot\bin\jimage.dll
0x00007ffcbc5e0000 - 0x00007ffcbc812000 	C:\WINDOWS\SYSTEM32\DBGHELP.DLL
0x00007ffccba10000 - 0x00007ffccbda0000 	C:\WINDOWS\System32\combase.dll
0x00007ffccbde0000 - 0x00007ffccbeb7000 	C:\WINDOWS\System32\OLEAUT32.dll
0x00007ffcb7e70000 - 0x00007ffcb7ea2000 	C:\WINDOWS\SYSTEM32\dbgcore.DLL
0x00007ffcc9b20000 - 0x00007ffcc9b9b000 	C:\WINDOWS\System32\bcryptPrimitives.dll
0x00007ffc95ee0000 - 0x00007ffc95f05000 	C:\Program Files\Microsoft\jdk-17.0.14.7-hotspot\bin\java.dll

dbghelp: loaded successfully - version: 4.0.5 - missing functions: none
symbol engine: initialized successfully - sym options: 0x614 - pdb path: .;C:\Program Files\Microsoft\jdk-17.0.14.7-hotspot\bin;C:\WINDOWS\SYSTEM32;C:\WINDOWS\WinSxS\amd64_microsoft.windows.common-controls_6595b64144ccf1df_6.0.22621.4830_none_270fe7d773858e80;C:\Program Files\Microsoft\jdk-17.0.14.7-hotspot\bin\server

VM Arguments:
jvm_args: -Xmx64m -Xms64m -Dorg.gradle.appname=gradlew 
java_command: org.gradle.wrapper.GradleWrapperMain app:installDebug -PreactNativeDevServerPort=8081
java_class_path (initial): C:\reactnative\DeSolutions\android\\gradle\wrapper\gradle-wrapper.jar
Launcher Type: SUN_STANDARD

[Global flags]
     intx CICompilerCount                          = 4                                         {product} {ergonomic}
     uint ConcGCThreads                            = 2                                         {product} {ergonomic}
     uint G1ConcRefinementThreads                  = 8                                         {product} {ergonomic}
   size_t G1HeapRegionSize                         = 1048576                                   {product} {ergonomic}
    uintx GCDrainStackTargetSize                   = 64                                        {product} {ergonomic}
   size_t InitialHeapSize                          = 67108864                                  {product} {command line}
   size_t MarkStackSize                            = 4194304                                   {product} {ergonomic}
   size_t MaxHeapSize                              = 67108864                                  {product} {command line}
   size_t MinHeapDeltaBytes                        = 1048576                                   {product} {ergonomic}
   size_t MinHeapSize                              = 67108864                                  {product} {command line}
    uintx NonNMethodCodeHeapSize                   = 5839372                                {pd product} {ergonomic}
    uintx NonProfiledCodeHeapSize                  = 122909434                              {pd product} {ergonomic}
    uintx ProfiledCodeHeapSize                     = 122909434                              {pd product} {ergonomic}
    uintx ReservedCodeCacheSize                    = 251658240                              {pd product} {ergonomic}
     bool SegmentedCodeCache                       = true                                      {product} {ergonomic}
   size_t SoftMaxHeapSize                          = 67108864                               {manageable} {ergonomic}
     bool UseCompressedClassPointers               = true                           {product lp64_product} {ergonomic}
     bool UseCompressedOops                        = true                           {product lp64_product} {ergonomic}
     bool UseG1GC                                  = true                                      {product} {ergonomic}
     bool UseLargePagesIndividualAllocation        = false                                  {pd product} {ergonomic}

Logging:
Log output configuration:
 #0: stdout all=warning uptime,level,tags
 #1: stderr all=off uptime,level,tags

Environment Variables:
JAVA_HOME=C:\Program Files\Microsoft\jdk-17.0.14.7-hotspot\
CLASSPATH=C:\reactnative\DeSolutions\android\\gradle\wrapper\gradle-wrapper.jar
PATH=C:\reactnative\DeSolutions\node_modules\.bin;C:\reactnative\DeSolutions\node_modules\.bin;C:\reactnative\node_modules\.bin;C:\node_modules\.bin;C:\Program Files\nodejs\node_modules\npm\node_modules\@npmcli\run-script\lib\node-gyp-bin;C:\Program Files\Microsoft\jdk-17.0.14.7-hotspot\bin;C:\Python312\Scripts\;C:\Python312\;C:\Program Files (x86)\Common Files\Intel\Shared Libraries\redist\intel64\compiler;C:\Windows\system32;C:\Windows;C:\Windows\System32\Wbem;C:\Windows\System32\WindowsPowerShell\v1.0\;C:\Windows\System32\OpenSSH\;C:\WINDOWS\system32;C:\WINDOWS;C:\WINDOWS\System32\Wbem;C:\WINDOWS\System32\WindowsPowerShell\v1.0\;C:\WINDOWS\System32\OpenSSH\;C:\xampp\php;C:\Program Files\Git\cmd;C:\Program Files (x86)\ATI Technologies\ATI.ACE\Core-Static;C:\ProgramData\chocolatey\bin;C:\Program Files\nodejs\;C:\Users\Husker\AppData\Local\Android\Sdk\platform-tools;C:\Users\Husker\AppData\Local\Microsoft\WindowsApps;C:\Users\Husker\AppData\Local\Programs\Microsoft VS Code\bin;C:\Users\Husker\AppData\Local\spicetify;C:\Program Files\Git\bin\;C:\Program Files\Git\cmd\;C:\Program Files\nodejs\;C:\Users\Husker\AppData\Roaming\npm;C:\Users\Husker\AppData\Local\Android\Sdk\platform-tools;
USERNAME=Husker
LANG=en_US.UTF-8
OS=Windows_NT
PROCESSOR_IDENTIFIER=Intel64 Family 6 Model 165 Stepping 3, GenuineIntel
TMP=C:\Users\Husker\AppData\Local\Temp
TEMP=C:\Users\Husker\AppData\Local\Temp



Periodic native trim disabled


---------------  S Y S T E M  ---------------

OS:
 Windows 11 , 64 bit Build 22621 (10.0.22621.4974)
OS uptime: 0 days 1:54 hours

CPU: total 8 (initial active 8) (4 cores per cpu, 2 threads per core) family 6 model 165 stepping 3 microcode 0xea, cx8, cmov, fxsr, ht, mmx, 3dnowpref, sse, sse2, sse3, ssse3, sse4.1, sse4.2, popcnt, lzcnt, tsc, tscinvbit, avx, avx2, aes, erms, clmul, bmi1, bmi2, adx, fma, vzeroupper, clflush, clflushopt
Processor Information for the first 8 processors :
  Max Mhz: 3600, Current Mhz: 3600, Mhz Limit: 3600

Memory: 4k page, system-wide physical 8057M (470M free)
TotalPageFile size 22275M (AvailPageFile size 65M)
current process WorkingSet (physical memory assigned to process): 11M, peak: 11M
current process commit charge ("private bytes"): 59M, peak: 123M

vm_info: OpenJDK 64-Bit Server VM (17.0.14+7-LTS) for windows-amd64 JRE (17.0.14+7-LTS), built on Jan  8 2025 23:39:28 by "MicrosoftCorporation" with unknown MS VC++:1939

END.
